                                 Started job on |	Nov 12 21:06:25
                             Started mapping on |	Nov 12 21:07:02
                                    Finished on |	Nov 12 21:38:14
       Mapping speed, Million of reads per hour |	190.08

                          Number of input reads |	98842077
                      Average input read length |	100
                                    UNIQUE READS:
                   Uniquely mapped reads number |	37054580
                        Uniquely mapped reads % |	37.49%
                          Average mapped length |	99.62
                       Number of splices: Total |	2050643
            Number of splices: Annotated (sjdb) |	2037300
                       Number of splices: GT/AG |	2012819
                       Number of splices: GC/AG |	31272
                       Number of splices: AT/AC |	1790
               Number of splices: Non-canonical |	4762
                      Mismatch rate per base, % |	0.61%
                         Deletion rate per base |	0.05%
                        Deletion average length |	1.37
                        Insertion rate per base |	0.00%
                       Insertion average length |	1.11
                             MULTI-MAPPING READS:
        Number of reads mapped to multiple loci |	41530650
             % of reads mapped to multiple loci |	42.02%
        Number of reads mapped to too many loci |	1427608
             % of reads mapped to too many loci |	1.44%
                                  UNMAPPED READS:
  Number of reads unmapped: too many mismatches |	0
       % of reads unmapped: too many mismatches |	0.00%
            Number of reads unmapped: too short |	18757981
                 % of reads unmapped: too short |	18.98%
                Number of reads unmapped: other |	71258
                     % of reads unmapped: other |	0.07%
                                  CHIMERIC READS:
                       Number of chimeric reads |	0
                            % of chimeric reads |	0.00%
